* using log directory ‘/Users/rlee/GitHub/Noble/public/Noble.Rcheck’
* using R version 3.5.1 (2018-07-02)
* using platform: x86_64-apple-darwin15.6.0 (64-bit)
* using session charset: UTF-8
* using options ‘--no-manual --as-cran’
* checking for file ‘Noble/DESCRIPTION’ ... OK
* checking extension type ... Package
* this is package ‘Noble’ version ‘0.3.9’
* package encoding: UTF-8
* checking package namespace information ... OK
* checking package dependencies ... OK
* checking if this is a source package ... OK
* checking if there is a namespace ... OK
* checking for executable files ... OK
* checking for hidden files and directories ... OK
* checking for portable file names ... OK
* checking for sufficient/correct file permissions ... OK
* checking serialization versions ... OK
* checking whether package ‘Noble’ can be installed ... OK
* checking installed package size ... OK
* checking package directory ... OK
* checking DESCRIPTION meta-information ... OK
* checking top-level files ... OK
* checking for left-over files ... OK
* checking index information ... OK
* checking package subdirectories ... OK
* checking R files for non-ASCII characters ... OK
* checking R files for syntax errors ... OK
* checking whether the package can be loaded ... OK
* checking whether the package can be loaded with stated dependencies ... OK
* checking whether the package can be unloaded cleanly ... OK
* checking whether the namespace can be loaded with stated dependencies ... OK
* checking whether the namespace can be unloaded cleanly ... OK
* checking dependencies in R code ... WARNING
'::' or ':::' import not declared from: ‘circular’
Missing or unexported objects:
  ‘Noble::pull.USCRN.data’ ‘base::head’
* checking S3 generic/method consistency ... OK
* checking replacement functions ... OK
* checking foreign function calls ... OK
* checking R code for possible problems ... NOTE
.percent.buffer: no visible global function definition for ‘un.ml.ize’
pull.data: no visible global function definition for ‘write.csv’
pull.dp.locs: no visible global function definition for ‘read.csv’
soil.temp.plot: no visible binding for global variable ‘value’
soil.temp.plot: no visible binding for global variable ‘depth’
soni.pq.test: no visible global function definition for ‘read.csv’
soni.pq.test: no visible global function definition for ‘write.csv’
test.sites: no visible global function definition for ‘complete.cases’
tis.pq.test: no visible global function definition for ‘read.csv’
tis.pq.test: no visible global function definition for ‘write.csv’
Undefined global functions or variables:
  complete.cases depth read.csv un.ml.ize value write.csv
Consider adding
  importFrom("stats", "complete.cases")
  importFrom("utils", "read.csv", "write.csv")
to your NAMESPACE file.
* checking Rd files ... NOTE
prepare_Rd: hdf5.to.df.Rd:30-33: Dropping empty section \examples
prepare_Rd: last.day.time.Rd:20-22: Dropping empty section \examples
* checking Rd metadata ... OK
* checking Rd line widths ... NOTE
Rd file 'gap.report.Rd':
  \examples lines wider than 100 characters:
     gap.report(site="CPER", dp.id = "DP1.00001.001", bgn.month="2017-07", end.month="2017-07", save.dir = getwd())

Rd file 'gap.vis.Rd':
  \examples lines wider than 100 characters:
     gap.vis(site="CPER", dp.id = "DP1.00001.001", bgn.month="2017-07", end.month="2017-07", save.dir = getwd())

These lines will be truncated in the PDF manual.
* checking Rd cross-references ... OK
* checking for missing documentation entries ... WARNING
Undocumented code objects:
  ‘GHCNDstations’
Undocumented data sets:
  ‘GHCNDstations’
All user-level objects in a package should have documentation entries.
See chapter ‘Writing R documentation files’ in the ‘Writing R
Extensions’ manual.
* checking for code/documentation mismatches ... OK
* checking Rd \usage sections ... OK
* checking Rd contents ... OK
* checking for unstated dependencies in examples ... OK
* checking contents of ‘data’ directory ... OK
* checking data for non-ASCII characters ... OK
* checking data for ASCII and uncompressed saves ... OK
* checking examples ... OK
** found \donttest examples: check also with --run-donttest
* DONE
Status: 2 WARNINGs, 3 NOTEs
